seqnames                                1
start                             1002760
end                               1002760
strand                                  +
ensembl_gene_id           ENSG00000187608
score                                 0.0
ctcf                             -0.07771
h4k20me1                        -0.429997
h3k79me2                          -0.2804
h3k4me1                         -0.217665
h3k9me3                         -0.333359
h3k36me3                        -0.801406
sj5                             -0.039619
sj3                             -0.059131
rpts                            -0.187111
wgbs                                  0.0
lambda_alphaj                    0.026377
zeta                             1.133344
A                                       0
T                                       0
G                                       1
C                                       0
combined_zeta                    1.020207
combined_lambda_alphaj           0.016857
dataset                             train
Name: 0, dtype: object
Ep_Allmer_CNN(
  (y_convs): ModuleList(
    (0): Conv1d(10, 16, kernel_size=(9,), stride=(1,), padding=same)
  )
  (n_convs): ModuleList(
    (0): Conv1d(4, 32, kernel_size=(3,), stride=(1,), padding=same)
    (1): Conv1d(32, 64, kernel_size=(5,), stride=(1,), padding=same)
    (2): Conv1d(64, 128, kernel_size=(9,), stride=(1,), padding=same)
  )
  (relu): ReLU()
  (dropout): Dropout(p=0.5, inplace=False)
  (final_conv): Conv1d(144, 1, kernel_size=(1,), stride=(1,))
)
Model is on device: cpu
[array([[[[ 1.61542774e-04, -4.63555327e-04,  7.22377081e-05, ...,
           0.00000000e+00,  0.00000000e+00,  0.00000000e+00],
         [-4.87052027e-05, -6.00204483e-05, -3.17154656e-05, ...,
           0.00000000e+00,  0.00000000e+00,  0.00000000e+00],
         [-7.56987030e-03, -1.21181189e-02, -2.32763826e-04, ...,
           0.00000000e+00,  0.00000000e+00,  0.00000000e+00],
         ...,
         [ 0.00000000e+00,  0.00000000e+00,  0.00000000e+00, ...,
           0.00000000e+00,  0.00000000e+00,  0.00000000e+00],
         [ 0.00000000e+00,  0.00000000e+00,  0.00000000e+00, ...,
           0.00000000e+00,  0.00000000e+00,  0.00000000e+00],
         [ 0.00000000e+00,  0.00000000e+00,  0.00000000e+00, ...,
           0.00000000e+00,  0.00000000e+00,  0.00000000e+00]],

        [[-1.13996665e-04,  1.32390225e-04, -4.78435123e-04, ...,
           0.00000000e+00,  0.00000000e+00,  0.00000000e+00],
         [-2.64161953e-05, -4.30543248e-05, -5.21706789e-05, ...,
           0.00000000e+00,  0.00000000e+00,  0.00000000e+00],
         [ 1.81737546e-02, -9.77829203e-03, -1.23646201e-02, ...,
           0.00000000e+00,  0.00000000e+00,  0.00000000e+00],
         ...,
         [ 0.00000000e+00,  0.00000000e+00,  0.00000000e+00, ...,
           0.00000000e+00,  0.00000000e+00,  0.00000000e+00],
         [ 0.00000000e+00,  0.00000000e+00,  0.00000000e+00, ...,
           0.00000000e+00,  0.00000000e+00,  0.00000000e+00],
         [ 0.00000000e+00,  0.00000000e+00,  0.00000000e+00, ...,
           0.00000000e+00,  0.00000000e+00,  0.00000000e+00]],

        [[-1.64398792e-04, -8.34912546e-05,  1.68038092e-04, ...,
           0.00000000e+00,  0.00000000e+00,  0.00000000e+00],
         [-1.71917296e-05, -9.94654432e-06, -3.54794425e-05, ...,
           0.00000000e+00,  0.00000000e+00,  0.00000000e+00],
         [ 9.57655149e-03,  1.93711387e-02, -9.45926728e-03, ...,
           0.00000000e+00,  0.00000000e+00,  0.00000000e+00],
         ...,
         [ 0.00000000e+00,  0.00000000e+00,  0.00000000e+00, ...,
           0.00000000e+00,  0.00000000e+00,  0.00000000e+00],
         [ 0.00000000e+00,  0.00000000e+00,  0.00000000e+00, ...,
           0.00000000e+00,  0.00000000e+00,  0.00000000e+00],
         [ 0.00000000e+00,  0.00000000e+00,  0.00000000e+00, ...,
           0.00000000e+00,  0.00000000e+00,  0.00000000e+00]],

        ...,

        [[ 0.00000000e+00,  0.00000000e+00,  0.00000000e+00, ...,
           1.21900268e-04, -1.73593814e-04,  9.60425609e-05],
         [ 0.00000000e+00,  0.00000000e+00,  0.00000000e+00, ...,
          -1.92283528e-03, -2.37174397e-03, -2.20983953e-03],
         [ 0.00000000e+00,  0.00000000e+00,  0.00000000e+00, ...,
           9.30076439e-04,  3.62132384e-03,  1.44506542e-03],
         ...,
         [ 0.00000000e+00,  0.00000000e+00,  0.00000000e+00, ...,
           0.00000000e+00,  0.00000000e+00,  0.00000000e+00],
         [ 0.00000000e+00,  0.00000000e+00,  0.00000000e+00, ...,
           0.00000000e+00,  0.00000000e+00,  0.00000000e+00],
         [ 0.00000000e+00,  0.00000000e+00,  0.00000000e+00, ...,
           0.00000000e+00,  0.00000000e+00,  0.00000000e+00]],

        [[ 0.00000000e+00,  0.00000000e+00,  0.00000000e+00, ...,
          -5.71670938e-05,  1.17256270e-04, -1.17531988e-04],
         [ 0.00000000e+00,  0.00000000e+00,  0.00000000e+00, ...,
          -2.67330351e-03, -2.01906402e-03, -1.56844617e-03],
         [ 0.00000000e+00,  0.00000000e+00,  0.00000000e+00, ...,
          -4.83157658e-03,  7.89020007e-04,  3.00732537e-03],
         ...,
         [ 0.00000000e+00,  0.00000000e+00,  0.00000000e+00, ...,
           0.00000000e+00,  0.00000000e+00,  0.00000000e+00],
         [ 0.00000000e+00,  0.00000000e+00,  0.00000000e+00, ...,
           0.00000000e+00,  0.00000000e+00,  0.00000000e+00],
         [ 0.00000000e+00,  0.00000000e+00,  0.00000000e+00, ...,
           0.00000000e+00,  0.00000000e+00,  0.00000000e+00]],

        [[ 0.00000000e+00,  0.00000000e+00,  0.00000000e+00, ...,
          -8.54128707e-05, -4.99502949e-05,  1.40544960e-04],
         [ 0.00000000e+00,  0.00000000e+00,  0.00000000e+00, ...,
          -1.11846245e-03, -2.41755831e-03,  7.66816706e-05],
         [ 0.00000000e+00,  0.00000000e+00,  0.00000000e+00, ...,
          -2.40831066e-03, -4.89516661e-03,  7.53022169e-04],
         ...,
         [ 0.00000000e+00,  0.00000000e+00,  0.00000000e+00, ...,
           0.00000000e+00,  0.00000000e+00,  0.00000000e+00],
         [ 0.00000000e+00,  0.00000000e+00,  0.00000000e+00, ...,
           0.00000000e+00,  0.00000000e+00,  0.00000000e+00],
         [ 0.00000000e+00,  0.00000000e+00,  0.00000000e+00, ...,
           5.89126863e-03, -2.51057174e-03,  9.27868961e-03]]],


       [[[ 1.59870710e-04, -4.64761743e-04,  7.22377081e-05, ...,
           0.00000000e+00,  0.00000000e+00,  0.00000000e+00],
         [-4.85687203e-05, -6.00401827e-05, -3.17154656e-05, ...,
           0.00000000e+00,  0.00000000e+00,  0.00000000e+00],
         [-7.71752681e-03, -1.22491600e-02, -2.32763826e-04, ...,
           0.00000000e+00,  0.00000000e+00,  0.00000000e+00],
         ...,
         [ 0.00000000e+00,  0.00000000e+00,  0.00000000e+00, ...,
           0.00000000e+00,  0.00000000e+00,  0.00000000e+00],
         [ 0.00000000e+00,  0.00000000e+00,  0.00000000e+00, ...,
           0.00000000e+00,  0.00000000e+00,  0.00000000e+00],
         [ 0.00000000e+00,  0.00000000e+00,  0.00000000e+00, ...,
           0.00000000e+00,  0.00000000e+00,  0.00000000e+00]],

        [[-1.13410319e-04,  1.34132664e-04, -4.78435123e-04, ...,
           0.00000000e+00,  0.00000000e+00,  0.00000000e+00],
         [-2.58392412e-05, -4.33609004e-05, -5.21706789e-05, ...,
           0.00000000e+00,  0.00000000e+00,  0.00000000e+00],
         [ 1.82130120e-02, -9.61725692e-03, -1.23646201e-02, ...,
           0.00000000e+00,  0.00000000e+00,  0.00000000e+00],
         ...,
         [ 0.00000000e+00,  0.00000000e+00,  0.00000000e+00, ...,
           0.00000000e+00,  0.00000000e+00,  0.00000000e+00],
         [ 0.00000000e+00,  0.00000000e+00,  0.00000000e+00, ...,
           0.00000000e+00,  0.00000000e+00,  0.00000000e+00],
         [ 0.00000000e+00,  0.00000000e+00,  0.00000000e+00, ...,
           0.00000000e+00,  0.00000000e+00,  0.00000000e+00]],

        [[-1.62852958e-04, -8.27226233e-05,  1.68038092e-04, ...,
           0.00000000e+00,  0.00000000e+00,  0.00000000e+00],
         [-1.78546769e-05, -1.01534905e-05, -3.54794425e-05, ...,
           0.00000000e+00,  0.00000000e+00,  0.00000000e+00],
         [ 9.27331714e-03,  1.93895085e-02, -9.45926728e-03, ...,
           0.00000000e+00,  0.00000000e+00,  0.00000000e+00],
         ...,
         [ 0.00000000e+00,  0.00000000e+00,  0.00000000e+00, ...,
           0.00000000e+00,  0.00000000e+00,  0.00000000e+00],
         [ 0.00000000e+00,  0.00000000e+00,  0.00000000e+00, ...,
           0.00000000e+00,  0.00000000e+00,  0.00000000e+00],
         [ 0.00000000e+00,  0.00000000e+00,  0.00000000e+00, ...,
           0.00000000e+00,  0.00000000e+00,  0.00000000e+00]],

        ...,

        [[ 0.00000000e+00,  0.00000000e+00,  0.00000000e+00, ...,
           1.20391014e-04, -1.74278360e-04,  9.82540700e-05],
         [ 0.00000000e+00,  0.00000000e+00,  0.00000000e+00, ...,
          -1.92034548e-03, -2.35951346e-03, -2.29376695e-03],
         [ 0.00000000e+00,  0.00000000e+00,  0.00000000e+00, ...,
           9.10217725e-04,  3.55110819e-03,  1.45624126e-03],
         ...,
         [ 0.00000000e+00,  0.00000000e+00,  0.00000000e+00, ...,
           0.00000000e+00,  0.00000000e+00,  0.00000000e+00],
         [ 0.00000000e+00,  0.00000000e+00,  0.00000000e+00, ...,
           0.00000000e+00,  0.00000000e+00,  0.00000000e+00],
         [ 0.00000000e+00,  0.00000000e+00,  0.00000000e+00, ...,
           0.00000000e+00,  0.00000000e+00,  0.00000000e+00]],

        [[ 0.00000000e+00,  0.00000000e+00,  0.00000000e+00, ...,
          -5.81214022e-05,  1.15196665e-04, -1.19317043e-04],
         [ 0.00000000e+00,  0.00000000e+00,  0.00000000e+00, ...,
          -2.61341978e-03, -2.02602034e-03, -1.61536487e-03],
         [ 0.00000000e+00,  0.00000000e+00,  0.00000000e+00, ...,
          -4.81553674e-03,  7.34678899e-04,  3.02892896e-03],
         ...,
         [ 0.00000000e+00,  0.00000000e+00,  0.00000000e+00, ...,
           0.00000000e+00,  0.00000000e+00,  0.00000000e+00],
         [ 0.00000000e+00,  0.00000000e+00,  0.00000000e+00, ...,
           0.00000000e+00,  0.00000000e+00,  0.00000000e+00],
         [ 0.00000000e+00,  0.00000000e+00,  0.00000000e+00, ...,
           0.00000000e+00,  0.00000000e+00,  0.00000000e+00]],

        [[ 0.00000000e+00,  0.00000000e+00,  0.00000000e+00, ...,
          -8.29528311e-05, -5.13130560e-05,  1.38775613e-04],
         [ 0.00000000e+00,  0.00000000e+00,  0.00000000e+00, ...,
          -1.09578554e-03, -2.31125130e-03,  1.69786941e-05],
         [ 0.00000000e+00,  0.00000000e+00,  0.00000000e+00, ...,
          -2.28683314e-03, -4.88170346e-03,  6.97934053e-04],
         ...,
         [ 0.00000000e+00,  0.00000000e+00,  0.00000000e+00, ...,
           0.00000000e+00,  0.00000000e+00,  0.00000000e+00],
         [ 0.00000000e+00,  0.00000000e+00,  0.00000000e+00, ...,
           0.00000000e+00,  0.00000000e+00,  0.00000000e+00],
         [ 0.00000000e+00,  0.00000000e+00,  0.00000000e+00, ...,
           5.79803671e-03, -2.36690466e-03,  9.28657345e-03]]],


       [[[ 1.57747277e-04, -4.62953807e-04,  7.22377081e-05, ...,
           0.00000000e+00,  0.00000000e+00,  0.00000000e+00],
         [-4.85354635e-05, -6.00357414e-05, -3.17154656e-05, ...,
           0.00000000e+00,  0.00000000e+00,  0.00000000e+00],
         [-7.72914769e-03, -1.21412650e-02, -2.32763826e-04, ...,
           0.00000000e+00,  0.00000000e+00,  0.00000000e+00],
         ...,
         [ 0.00000000e+00,  0.00000000e+00,  0.00000000e+00, ...,
           0.00000000e+00,  0.00000000e+00,  0.00000000e+00],
         [ 0.00000000e+00,  0.00000000e+00,  0.00000000e+00, ...,
           0.00000000e+00,  0.00000000e+00,  0.00000000e+00],
         [ 0.00000000e+00,  0.00000000e+00,  0.00000000e+00, ...,
           0.00000000e+00,  0.00000000e+00,  0.00000000e+00]],

        [[-1.12554717e-04,  1.30856924e-04, -4.78435123e-04, ...,
           0.00000000e+00,  0.00000000e+00,  0.00000000e+00],
         [-2.61065864e-05, -4.33006279e-05, -5.21706789e-05, ...,
           0.00000000e+00,  0.00000000e+00,  0.00000000e+00],
         [ 1.80104810e-02, -9.72812021e-03, -1.23646201e-02, ...,
           0.00000000e+00,  0.00000000e+00,  0.00000000e+00],
         ...,
         [ 0.00000000e+00,  0.00000000e+00,  0.00000000e+00, ...,
           0.00000000e+00,  0.00000000e+00,  0.00000000e+00],
         [ 0.00000000e+00,  0.00000000e+00,  0.00000000e+00, ...,
           0.00000000e+00,  0.00000000e+00,  0.00000000e+00],
         [ 0.00000000e+00,  0.00000000e+00,  0.00000000e+00, ...,
           0.00000000e+00,  0.00000000e+00,  0.00000000e+00]],

        [[-1.63404335e-04, -8.10694900e-05,  1.68038092e-04, ...,
           0.00000000e+00,  0.00000000e+00,  0.00000000e+00],
         [-1.68620907e-05, -9.94375164e-06, -3.54794425e-05, ...,
           0.00000000e+00,  0.00000000e+00,  0.00000000e+00],
         [ 9.73221472e-03,  1.92339849e-02, -9.45926728e-03, ...,
           0.00000000e+00,  0.00000000e+00,  0.00000000e+00],
         ...,
         [ 0.00000000e+00,  0.00000000e+00,  0.00000000e+00, ...,
           0.00000000e+00,  0.00000000e+00,  0.00000000e+00],
         [ 0.00000000e+00,  0.00000000e+00,  0.00000000e+00, ...,
           0.00000000e+00,  0.00000000e+00,  0.00000000e+00],
         [ 0.00000000e+00,  0.00000000e+00,  0.00000000e+00, ...,
           0.00000000e+00,  0.00000000e+00,  0.00000000e+00]],

        ...,

        [[ 0.00000000e+00,  0.00000000e+00,  0.00000000e+00, ...,
           1.24447577e-04, -1.73324846e-04,  9.53625213e-05],
         [ 0.00000000e+00,  0.00000000e+00,  0.00000000e+00, ...,
          -1.90303634e-03, -2.40024418e-03, -2.09940295e-03],
         [ 0.00000000e+00,  0.00000000e+00,  0.00000000e+00, ...,
           8.72978945e-04,  3.63239441e-03,  1.47837395e-03],
         ...,
         [ 0.00000000e+00,  0.00000000e+00,  0.00000000e+00, ...,
           0.00000000e+00,  0.00000000e+00,  0.00000000e+00],
         [ 0.00000000e+00,  0.00000000e+00,  0.00000000e+00, ...,
           0.00000000e+00,  0.00000000e+00,  0.00000000e+00],
         [ 0.00000000e+00,  0.00000000e+00,  0.00000000e+00, ...,
           0.00000000e+00,  0.00000000e+00,  0.00000000e+00]],

        [[ 0.00000000e+00,  0.00000000e+00,  0.00000000e+00, ...,
          -5.85373256e-05,  1.18557763e-04, -1.16358479e-04],
         [ 0.00000000e+00,  0.00000000e+00,  0.00000000e+00, ...,
          -2.75766590e-03, -1.99315063e-03, -1.64310793e-03],
         [ 0.00000000e+00,  0.00000000e+00,  0.00000000e+00, ...,
          -4.83980445e-03,  8.19689538e-04,  2.99955436e-03],
         ...,
         [ 0.00000000e+00,  0.00000000e+00,  0.00000000e+00, ...,
           0.00000000e+00,  0.00000000e+00,  0.00000000e+00],
         [ 0.00000000e+00,  0.00000000e+00,  0.00000000e+00, ...,
           0.00000000e+00,  0.00000000e+00,  0.00000000e+00],
         [ 0.00000000e+00,  0.00000000e+00,  0.00000000e+00, ...,
           0.00000000e+00,  0.00000000e+00,  0.00000000e+00]],

        [[ 0.00000000e+00,  0.00000000e+00,  0.00000000e+00, ...,
          -8.72777157e-05, -4.93780531e-05,  1.41867516e-04],
         [ 0.00000000e+00,  0.00000000e+00,  0.00000000e+00, ...,
          -1.00043834e-03, -2.49932482e-03,  1.61950539e-04],
         [ 0.00000000e+00,  0.00000000e+00,  0.00000000e+00, ...,
          -2.56208516e-03, -4.87532456e-03,  7.79179639e-04],
         ...,
         [ 0.00000000e+00,  0.00000000e+00,  0.00000000e+00, ...,
           0.00000000e+00,  0.00000000e+00,  0.00000000e+00],
         [ 0.00000000e+00,  0.00000000e+00,  0.00000000e+00, ...,
           0.00000000e+00,  0.00000000e+00,  0.00000000e+00],
         [ 0.00000000e+00,  0.00000000e+00,  0.00000000e+00, ...,
           5.89886305e-03, -2.60949020e-03,  9.27600377e-03]]],


       ...,


       [[[ 1.58699455e-04, -4.66074608e-04,  7.22377081e-05, ...,
           0.00000000e+00,  0.00000000e+00,  0.00000000e+00],
         [-4.89156143e-05, -6.00428089e-05, -3.17154656e-05, ...,
           0.00000000e+00,  0.00000000e+00,  0.00000000e+00],
         [-7.56864768e-03, -1.23254012e-02, -2.32763826e-04, ...,
           0.00000000e+00,  0.00000000e+00,  0.00000000e+00],
         ...,
         [ 0.00000000e+00,  0.00000000e+00,  0.00000000e+00, ...,
           0.00000000e+00,  0.00000000e+00,  0.00000000e+00],
         [ 0.00000000e+00,  0.00000000e+00,  0.00000000e+00, ...,
           0.00000000e+00,  0.00000000e+00,  0.00000000e+00],
         [ 0.00000000e+00,  0.00000000e+00,  0.00000000e+00, ...,
           0.00000000e+00,  0.00000000e+00,  0.00000000e+00]],

        [[-1.11186695e-04,  1.36527239e-04, -4.78435123e-04, ...,
           0.00000000e+00,  0.00000000e+00,  0.00000000e+00],
         [-2.63717578e-05, -4.33951557e-05, -5.21706789e-05, ...,
           0.00000000e+00,  0.00000000e+00,  0.00000000e+00],
         [ 1.79650307e-02, -9.53986071e-03, -1.23646201e-02, ...,
           0.00000000e+00,  0.00000000e+00,  0.00000000e+00],
         ...,
         [ 0.00000000e+00,  0.00000000e+00,  0.00000000e+00, ...,
           0.00000000e+00,  0.00000000e+00,  0.00000000e+00],
         [ 0.00000000e+00,  0.00000000e+00,  0.00000000e+00, ...,
           0.00000000e+00,  0.00000000e+00,  0.00000000e+00],
         [ 0.00000000e+00,  0.00000000e+00,  0.00000000e+00, ...,
           0.00000000e+00,  0.00000000e+00,  0.00000000e+00]],

        [[-1.63667905e-04, -8.39899244e-05,  1.68038092e-04, ...,
           0.00000000e+00,  0.00000000e+00,  0.00000000e+00],
         [-1.67626810e-05, -1.03034037e-05, -3.54794425e-05, ...,
           0.00000000e+00,  0.00000000e+00,  0.00000000e+00],
         [ 9.71161342e-03,  1.95054951e-02, -9.45926728e-03, ...,
           0.00000000e+00,  0.00000000e+00,  0.00000000e+00],
         ...,
         [ 0.00000000e+00,  0.00000000e+00,  0.00000000e+00, ...,
           0.00000000e+00,  0.00000000e+00,  0.00000000e+00],
         [ 0.00000000e+00,  0.00000000e+00,  0.00000000e+00, ...,
           0.00000000e+00,  0.00000000e+00,  0.00000000e+00],
         [ 0.00000000e+00,  0.00000000e+00,  0.00000000e+00, ...,
           0.00000000e+00,  0.00000000e+00,  0.00000000e+00]],

        ...,

        [[ 0.00000000e+00,  0.00000000e+00,  0.00000000e+00, ...,
           1.23531021e-04, -1.73901232e-04,  9.78459911e-05],
         [ 0.00000000e+00,  0.00000000e+00,  0.00000000e+00, ...,
          -1.90496711e-03, -2.42798346e-03, -2.18818283e-03],
         [ 0.00000000e+00,  0.00000000e+00,  0.00000000e+00, ...,
           9.06699467e-04,  3.61047441e-03,  1.51468416e-03],
         ...,
         [ 0.00000000e+00,  0.00000000e+00,  0.00000000e+00, ...,
           0.00000000e+00,  0.00000000e+00,  0.00000000e+00],
         [ 0.00000000e+00,  0.00000000e+00,  0.00000000e+00, ...,
           0.00000000e+00,  0.00000000e+00,  0.00000000e+00],
         [ 0.00000000e+00,  0.00000000e+00,  0.00000000e+00, ...,
           0.00000000e+00,  0.00000000e+00,  0.00000000e+00]],

        [[ 0.00000000e+00,  0.00000000e+00,  0.00000000e+00, ...,
          -5.68374034e-05,  1.18248054e-04, -1.18504856e-04],
         [ 0.00000000e+00,  0.00000000e+00,  0.00000000e+00, ...,
          -2.73030553e-03, -1.98781886e-03, -1.64128880e-03],
         [ 0.00000000e+00,  0.00000000e+00,  0.00000000e+00, ...,
          -4.81695873e-03,  7.75767248e-04,  3.06770625e-03],
         ...,
         [ 0.00000000e+00,  0.00000000e+00,  0.00000000e+00, ...,
           0.00000000e+00,  0.00000000e+00,  0.00000000e+00],
         [ 0.00000000e+00,  0.00000000e+00,  0.00000000e+00, ...,
           0.00000000e+00,  0.00000000e+00,  0.00000000e+00],
         [ 0.00000000e+00,  0.00000000e+00,  0.00000000e+00, ...,
           0.00000000e+00,  0.00000000e+00,  0.00000000e+00]],

        [[ 0.00000000e+00,  0.00000000e+00,  0.00000000e+00, ...,
          -8.70766934e-05, -5.07378991e-05,  1.41996810e-04],
         [ 0.00000000e+00,  0.00000000e+00,  0.00000000e+00, ...,
          -1.04422611e-03, -2.47504690e-03,  6.48162620e-05],
         [ 0.00000000e+00,  0.00000000e+00,  0.00000000e+00, ...,
          -2.50937624e-03, -4.87063867e-03,  7.03186994e-04],
         ...,
         [ 0.00000000e+00,  0.00000000e+00,  0.00000000e+00, ...,
           0.00000000e+00,  0.00000000e+00,  0.00000000e+00],
         [ 0.00000000e+00,  0.00000000e+00,  0.00000000e+00, ...,
           0.00000000e+00,  0.00000000e+00,  0.00000000e+00],
         [ 0.00000000e+00,  0.00000000e+00,  0.00000000e+00, ...,
           5.92557673e-03, -2.60120348e-03,  9.33998480e-03]]],


       [[[ 1.54471053e-04, -4.57856104e-04,  7.22377081e-05, ...,
           0.00000000e+00,  0.00000000e+00,  0.00000000e+00],
         [-4.92769577e-05, -6.00717339e-05, -3.17154656e-05, ...,
           0.00000000e+00,  0.00000000e+00,  0.00000000e+00],
         [-7.59367726e-03, -1.20078468e-02, -2.32763826e-04, ...,
           0.00000000e+00,  0.00000000e+00,  0.00000000e+00],
         ...,
         [ 0.00000000e+00,  0.00000000e+00,  0.00000000e+00, ...,
           0.00000000e+00,  0.00000000e+00,  0.00000000e+00],
         [ 0.00000000e+00,  0.00000000e+00,  0.00000000e+00, ...,
           0.00000000e+00,  0.00000000e+00,  0.00000000e+00],
         [ 0.00000000e+00,  0.00000000e+00,  0.00000000e+00, ...,
           0.00000000e+00,  0.00000000e+00,  0.00000000e+00]],

        [[-1.06546930e-04,  1.20337785e-04, -4.78435123e-04, ...,
           0.00000000e+00,  0.00000000e+00,  0.00000000e+00],
         [-2.60091637e-05, -4.39012130e-05, -5.21706789e-05, ...,
           0.00000000e+00,  0.00000000e+00,  0.00000000e+00],
         [ 1.77181646e-02, -9.78886929e-03, -1.23646201e-02, ...,
           0.00000000e+00,  0.00000000e+00,  0.00000000e+00],
         ...,
         [ 0.00000000e+00,  0.00000000e+00,  0.00000000e+00, ...,
           0.00000000e+00,  0.00000000e+00,  0.00000000e+00],
         [ 0.00000000e+00,  0.00000000e+00,  0.00000000e+00, ...,
           0.00000000e+00,  0.00000000e+00,  0.00000000e+00],
         [ 0.00000000e+00,  0.00000000e+00,  0.00000000e+00, ...,
           0.00000000e+00,  0.00000000e+00,  0.00000000e+00]],

        [[-1.61703270e-04, -7.09935663e-05,  1.68038092e-04, ...,
           0.00000000e+00,  0.00000000e+00,  0.00000000e+00],
         [-1.67153182e-05, -9.54615775e-06, -3.54794425e-05, ...,
           0.00000000e+00,  0.00000000e+00,  0.00000000e+00],
         [ 9.62183235e-03,  1.85483892e-02, -9.45926728e-03, ...,
           0.00000000e+00,  0.00000000e+00,  0.00000000e+00],
         ...,
         [ 0.00000000e+00,  0.00000000e+00,  0.00000000e+00, ...,
           0.00000000e+00,  0.00000000e+00,  0.00000000e+00],
         [ 0.00000000e+00,  0.00000000e+00,  0.00000000e+00, ...,
           0.00000000e+00,  0.00000000e+00,  0.00000000e+00],
         [ 0.00000000e+00,  0.00000000e+00,  0.00000000e+00, ...,
           0.00000000e+00,  0.00000000e+00,  0.00000000e+00]],

        ...,

        [[ 0.00000000e+00,  0.00000000e+00,  0.00000000e+00, ...,
           1.24671557e-04, -1.74589093e-04,  9.84606657e-05],
         [ 0.00000000e+00,  0.00000000e+00,  0.00000000e+00, ...,
          -1.86898743e-03, -2.54383927e-03, -1.96592351e-03],
         [ 0.00000000e+00,  0.00000000e+00,  0.00000000e+00, ...,
           8.53212096e-04,  3.63780664e-03,  1.55030231e-03],
         ...,
         [ 0.00000000e+00,  0.00000000e+00,  0.00000000e+00, ...,
           0.00000000e+00,  0.00000000e+00,  0.00000000e+00],
         [ 0.00000000e+00,  0.00000000e+00,  0.00000000e+00, ...,
           0.00000000e+00,  0.00000000e+00,  0.00000000e+00],
         [ 0.00000000e+00,  0.00000000e+00,  0.00000000e+00, ...,
           0.00000000e+00,  0.00000000e+00,  0.00000000e+00]],

        [[ 0.00000000e+00,  0.00000000e+00,  0.00000000e+00, ...,
          -5.66129859e-05,  1.20704286e-04, -1.12653748e-04],
         [ 0.00000000e+00,  0.00000000e+00,  0.00000000e+00, ...,
          -2.76421182e-03, -1.94590684e-03, -1.77344230e-03],
         [ 0.00000000e+00,  0.00000000e+00,  0.00000000e+00, ...,
          -4.76345469e-03,  7.32990409e-04,  2.98257598e-03],
         ...,
         [ 0.00000000e+00,  0.00000000e+00,  0.00000000e+00, ...,
           0.00000000e+00,  0.00000000e+00,  0.00000000e+00],
         [ 0.00000000e+00,  0.00000000e+00,  0.00000000e+00, ...,
           0.00000000e+00,  0.00000000e+00,  0.00000000e+00],
         [ 0.00000000e+00,  0.00000000e+00,  0.00000000e+00, ...,
           0.00000000e+00,  0.00000000e+00,  0.00000000e+00]],

        [[ 0.00000000e+00,  0.00000000e+00,  0.00000000e+00, ...,
          -8.75189051e-05, -5.27059236e-05,  1.42149757e-04],
         [ 0.00000000e+00,  0.00000000e+00,  0.00000000e+00, ...,
          -8.94607624e-04, -2.58754764e-03,  3.45455587e-04],
         [ 0.00000000e+00,  0.00000000e+00,  0.00000000e+00, ...,
          -2.55146134e-03, -4.85927483e-03,  8.03351381e-04],
         ...,
         [ 0.00000000e+00,  0.00000000e+00,  0.00000000e+00, ...,
           0.00000000e+00,  0.00000000e+00,  0.00000000e+00],
         [ 0.00000000e+00,  0.00000000e+00,  0.00000000e+00, ...,
           0.00000000e+00,  0.00000000e+00,  0.00000000e+00],
         [ 0.00000000e+00,  0.00000000e+00,  0.00000000e+00, ...,
           5.90024667e-03, -2.81728865e-03,  9.24696617e-03]]],


       [[[ 1.55839525e-04, -4.65084468e-04,  7.22377081e-05, ...,
           0.00000000e+00,  0.00000000e+00,  0.00000000e+00],
         [-4.85966916e-05, -6.00391787e-05, -3.17154656e-05, ...,
           0.00000000e+00,  0.00000000e+00,  0.00000000e+00],
         [-7.76101487e-03, -1.22620936e-02, -2.32763826e-04, ...,
           0.00000000e+00,  0.00000000e+00,  0.00000000e+00],
         ...,
         [ 0.00000000e+00,  0.00000000e+00,  0.00000000e+00, ...,
           0.00000000e+00,  0.00000000e+00,  0.00000000e+00],
         [ 0.00000000e+00,  0.00000000e+00,  0.00000000e+00, ...,
           0.00000000e+00,  0.00000000e+00,  0.00000000e+00],
         [ 0.00000000e+00,  0.00000000e+00,  0.00000000e+00, ...,
           0.00000000e+00,  0.00000000e+00,  0.00000000e+00]],

        [[-1.11059070e-04,  1.34764909e-04, -4.78435123e-04, ...,
           0.00000000e+00,  0.00000000e+00,  0.00000000e+00],
         [-2.60020435e-05, -4.33431212e-05, -5.21706789e-05, ...,
           0.00000000e+00,  0.00000000e+00,  0.00000000e+00],
         [ 1.78980199e-02, -9.60679486e-03, -1.23646201e-02, ...,
           0.00000000e+00,  0.00000000e+00,  0.00000000e+00],
         ...,
         [ 0.00000000e+00,  0.00000000e+00,  0.00000000e+00, ...,
           0.00000000e+00,  0.00000000e+00,  0.00000000e+00],
         [ 0.00000000e+00,  0.00000000e+00,  0.00000000e+00, ...,
           0.00000000e+00,  0.00000000e+00,  0.00000000e+00],
         [ 0.00000000e+00,  0.00000000e+00,  0.00000000e+00, ...,
           0.00000000e+00,  0.00000000e+00,  0.00000000e+00]],

        [[-1.62828128e-04, -8.32182600e-05,  1.68038092e-04, ...,
           0.00000000e+00,  0.00000000e+00,  0.00000000e+00],
         [-1.66751732e-05, -1.01837524e-05, -3.54794425e-05, ...,
           0.00000000e+00,  0.00000000e+00,  0.00000000e+00],
         [ 9.79097077e-03,  1.94264212e-02, -9.45926728e-03, ...,
           0.00000000e+00,  0.00000000e+00,  0.00000000e+00],
         ...,
         [ 0.00000000e+00,  0.00000000e+00,  0.00000000e+00, ...,
           0.00000000e+00,  0.00000000e+00,  0.00000000e+00],
         [ 0.00000000e+00,  0.00000000e+00,  0.00000000e+00, ...,
           0.00000000e+00,  0.00000000e+00,  0.00000000e+00],
         [ 0.00000000e+00,  0.00000000e+00,  0.00000000e+00, ...,
           0.00000000e+00,  0.00000000e+00,  0.00000000e+00]],

        ...,

        [[ 0.00000000e+00,  0.00000000e+00,  0.00000000e+00, ...,
           1.22942888e-04, -1.73564857e-04,  9.59512075e-05],
         [ 0.00000000e+00,  0.00000000e+00,  0.00000000e+00, ...,
          -1.90666861e-03, -2.40032837e-03, -2.15351680e-03],
         [ 0.00000000e+00,  0.00000000e+00,  0.00000000e+00, ...,
           8.97626788e-04,  3.59686133e-03,  1.49501997e-03],
         ...,
         [ 0.00000000e+00,  0.00000000e+00,  0.00000000e+00, ...,
           0.00000000e+00,  0.00000000e+00,  0.00000000e+00],
         [ 0.00000000e+00,  0.00000000e+00,  0.00000000e+00, ...,
           0.00000000e+00,  0.00000000e+00,  0.00000000e+00],
         [ 0.00000000e+00,  0.00000000e+00,  0.00000000e+00, ...,
           0.00000000e+00,  0.00000000e+00,  0.00000000e+00]],

        [[ 0.00000000e+00,  0.00000000e+00,  0.00000000e+00, ...,
          -5.75226275e-05,  1.17848166e-04, -1.18698828e-04],
         [ 0.00000000e+00,  0.00000000e+00,  0.00000000e+00, ...,
          -2.70652702e-03, -1.98809954e-03, -1.66440652e-03],
         [ 0.00000000e+00,  0.00000000e+00,  0.00000000e+00, ...,
          -4.81831318e-03,  8.03976750e-04,  3.05335163e-03],
         ...,
         [ 0.00000000e+00,  0.00000000e+00,  0.00000000e+00, ...,
           0.00000000e+00,  0.00000000e+00,  0.00000000e+00],
         [ 0.00000000e+00,  0.00000000e+00,  0.00000000e+00, ...,
           0.00000000e+00,  0.00000000e+00,  0.00000000e+00],
         [ 0.00000000e+00,  0.00000000e+00,  0.00000000e+00, ...,
           0.00000000e+00,  0.00000000e+00,  0.00000000e+00]],

        [[ 0.00000000e+00,  0.00000000e+00,  0.00000000e+00, ...,
          -8.60365131e-05, -4.98155511e-05,  1.41602322e-04],
         [ 0.00000000e+00,  0.00000000e+00,  0.00000000e+00, ...,
          -1.04054573e-03, -2.46930627e-03,  7.15947088e-05],
         [ 0.00000000e+00,  0.00000000e+00,  0.00000000e+00, ...,
          -2.46296699e-03, -4.86016483e-03,  7.30778578e-04],
         ...,
         [ 0.00000000e+00,  0.00000000e+00,  0.00000000e+00, ...,
           0.00000000e+00,  0.00000000e+00,  0.00000000e+00],
         [ 0.00000000e+00,  0.00000000e+00,  0.00000000e+00, ...,
           0.00000000e+00,  0.00000000e+00,  0.00000000e+00],
         [ 0.00000000e+00,  0.00000000e+00,  0.00000000e+00, ...,
           5.88436882e-03, -2.56146123e-03,  9.31014844e-03]]]]), array([[[[ 0.        ,  0.        ,  0.        , ...,  0.        ,
           0.        ,  0.        ],
         [ 0.        ,  0.        ,  0.        , ...,  0.        ,
           0.        ,  0.        ],
         [ 0.        ,  0.        ,  0.        , ...,  0.        ,
           0.        ,  0.        ],
         [ 0.        ,  0.        ,  0.        , ...,  0.        ,
           0.        ,  0.        ]],

        [[ 0.        ,  0.        ,  0.        , ...,  0.        ,
           0.        ,  0.        ],
         [ 0.        ,  0.        ,  0.        , ...,  0.        ,
           0.        ,  0.        ],
         [ 0.        ,  0.        ,  0.        , ...,  0.        ,
           0.        ,  0.        ],
         [ 0.        ,  0.        ,  0.        , ...,  0.        ,
           0.        ,  0.        ]],

        [[ 0.11101762,  0.20461024, -0.17261589, ...,  0.        ,
           0.        ,  0.        ],
         [ 0.        ,  0.        ,  0.        , ...,  0.        ,
           0.        ,  0.        ],
         [ 0.        ,  0.        ,  0.        , ...,  0.        ,
           0.        ,  0.        ],
         [ 0.2847507 ,  0.05812567, -0.54458534, ...,  0.        ,
           0.        ,  0.        ]],

        ...,

        [[ 0.        ,  0.        ,  0.        , ...,  0.        ,
           0.        ,  0.        ],
         [ 0.        ,  0.        ,  0.        , ...,  0.52243252,
           0.14496856,  0.10877625],
         [ 0.        ,  0.        ,  0.        , ...,  0.15630988,
          -0.25549925,  0.11338153],
         [ 0.        ,  0.        ,  0.        , ...,  0.        ,
           0.        ,  0.        ]],

        [[ 0.        ,  0.        ,  0.        , ...,  0.        ,
           0.        ,  0.        ],
         [ 0.        ,  0.        ,  0.        , ...,  0.        ,
           0.        ,  0.        ],
         [ 0.        ,  0.        ,  0.        , ...,  0.        ,
           0.        ,  0.        ],
         [ 0.        ,  0.        ,  0.        , ...,  0.        ,
           0.        ,  0.        ]],

        [[ 0.        ,  0.        ,  0.        , ...,  0.        ,
           0.        ,  0.        ],
         [ 0.        ,  0.        ,  0.        , ..., -0.20184886,
           0.14110616, -0.42376997],
         [ 0.        ,  0.        ,  0.        , ...,  0.        ,
           0.        ,  0.        ],
         [ 0.        ,  0.        ,  0.        , ..., -0.01725155,
           0.11205187, -0.69460577]]],


       [[[ 0.        ,  0.        ,  0.        , ...,  0.        ,
           0.        ,  0.        ],
         [ 0.        ,  0.        ,  0.        , ...,  0.        ,
           0.        ,  0.        ],
         [ 0.        ,  0.        ,  0.        , ...,  0.        ,
           0.        ,  0.        ],
         [ 0.        ,  0.        ,  0.        , ...,  0.        ,
           0.        ,  0.        ]],

        [[ 0.        ,  0.        ,  0.        , ...,  0.        ,
           0.        ,  0.        ],
         [ 0.        ,  0.        ,  0.        , ...,  0.        ,
           0.        ,  0.        ],
         [ 0.        ,  0.        ,  0.        , ...,  0.        ,
           0.        ,  0.        ],
         [ 0.        ,  0.        ,  0.        , ...,  0.        ,
           0.        ,  0.        ]],

        [[ 0.11502853,  0.20102251, -0.17509959, ...,  0.        ,
           0.        ,  0.        ],
         [ 0.        ,  0.        ,  0.        , ...,  0.        ,
           0.        ,  0.        ],
         [ 0.        ,  0.        ,  0.        , ...,  0.        ,
           0.        ,  0.        ],
         [ 0.28790964,  0.05608485, -0.55306816, ...,  0.        ,
           0.        ,  0.        ]],

        ...,

        [[ 0.        ,  0.        ,  0.        , ...,  0.        ,
           0.        ,  0.        ],
         [ 0.        ,  0.        ,  0.        , ...,  0.52688748,
           0.13581096,  0.11006687],
         [ 0.        ,  0.        ,  0.        , ...,  0.15551768,
          -0.25789384,  0.11544771],
         [ 0.        ,  0.        ,  0.        , ...,  0.        ,
           0.        ,  0.        ]],

        [[ 0.        ,  0.        ,  0.        , ...,  0.        ,
           0.        ,  0.        ],
         [ 0.        ,  0.        ,  0.        , ...,  0.        ,
           0.        ,  0.        ],
         [ 0.        ,  0.        ,  0.        , ...,  0.        ,
           0.        ,  0.        ],
         [ 0.        ,  0.        ,  0.        , ...,  0.        ,
           0.        ,  0.        ]],

        [[ 0.        ,  0.        ,  0.        , ...,  0.        ,
           0.        ,  0.        ],
         [ 0.        ,  0.        ,  0.        , ..., -0.20193852,
           0.14070046, -0.42048774],
         [ 0.        ,  0.        ,  0.        , ...,  0.        ,
           0.        ,  0.        ],
         [ 0.        ,  0.        ,  0.        , ..., -0.01674681,
           0.10670045, -0.67838232]]],


       [[[ 0.        ,  0.        ,  0.        , ...,  0.        ,
           0.        ,  0.        ],
         [ 0.        ,  0.        ,  0.        , ...,  0.        ,
           0.        ,  0.        ],
         [ 0.        ,  0.        ,  0.        , ...,  0.        ,
           0.        ,  0.        ],
         [ 0.        ,  0.        ,  0.        , ...,  0.        ,
           0.        ,  0.        ]],

        [[ 0.        ,  0.        ,  0.        , ...,  0.        ,
           0.        ,  0.        ],
         [ 0.        ,  0.        ,  0.        , ...,  0.        ,
           0.        ,  0.        ],
         [ 0.        ,  0.        ,  0.        , ...,  0.        ,
           0.        ,  0.        ],
         [ 0.        ,  0.        ,  0.        , ...,  0.        ,
           0.        ,  0.        ]],

        [[ 0.1093026 ,  0.20659559, -0.17692345, ...,  0.        ,
           0.        ,  0.        ],
         [ 0.        ,  0.        ,  0.        , ...,  0.        ,
           0.        ,  0.        ],
         [ 0.        ,  0.        ,  0.        , ...,  0.        ,
           0.        ,  0.        ],
         [ 0.28791352,  0.06408087, -0.55612193, ...,  0.        ,
           0.        ,  0.        ]],

        ...,

        [[ 0.        ,  0.        ,  0.        , ...,  0.        ,
           0.        ,  0.        ],
         [ 0.        ,  0.        ,  0.        , ...,  0.52215123,
           0.15266528,  0.10717373],
         [ 0.        ,  0.        ,  0.        , ...,  0.15398042,
          -0.25581672,  0.11316592],
         [ 0.        ,  0.        ,  0.        , ...,  0.        ,
           0.        ,  0.        ]],

        [[ 0.        ,  0.        ,  0.        , ...,  0.        ,
           0.        ,  0.        ],
         [ 0.        ,  0.        ,  0.        , ...,  0.        ,
           0.        ,  0.        ],
         [ 0.        ,  0.        ,  0.        , ...,  0.        ,
           0.        ,  0.        ],
         [ 0.        ,  0.        ,  0.        , ...,  0.        ,
           0.        ,  0.        ]],

        [[ 0.        ,  0.        ,  0.        , ...,  0.        ,
           0.        ,  0.        ],
         [ 0.        ,  0.        ,  0.        , ..., -0.20180719,
           0.13380214, -0.42971582],
         [ 0.        ,  0.        ,  0.        , ...,  0.        ,
           0.        ,  0.        ],
         [ 0.        ,  0.        ,  0.        , ..., -0.01000461,
           0.10856169, -0.71343567]]],


       ...,


       [[[ 0.        ,  0.        ,  0.        , ...,  0.        ,
           0.        ,  0.        ],
         [ 0.        ,  0.        ,  0.        , ...,  0.        ,
           0.        ,  0.        ],
         [ 0.        ,  0.        ,  0.        , ...,  0.        ,
           0.        ,  0.        ],
         [ 0.        ,  0.        ,  0.        , ...,  0.        ,
           0.        ,  0.        ]],

        [[ 0.        ,  0.        ,  0.        , ...,  0.        ,
           0.        ,  0.        ],
         [ 0.        ,  0.        ,  0.        , ...,  0.        ,
           0.        ,  0.        ],
         [ 0.        ,  0.        ,  0.        , ...,  0.        ,
           0.        ,  0.        ],
         [ 0.        ,  0.        ,  0.        , ...,  0.        ,
           0.        ,  0.        ]],

        [[ 0.11506212,  0.20052235, -0.1767439 , ...,  0.        ,
           0.        ,  0.        ],
         [ 0.        ,  0.        ,  0.        , ...,  0.        ,
           0.        ,  0.        ],
         [ 0.        ,  0.        ,  0.        , ...,  0.        ,
           0.        ,  0.        ],
         [ 0.29664496,  0.05379176, -0.55515045, ...,  0.        ,
           0.        ,  0.        ]],

        ...,

        [[ 0.        ,  0.        ,  0.        , ...,  0.        ,
           0.        ,  0.        ],
         [ 0.        ,  0.        ,  0.        , ...,  0.52844921,
           0.15191279,  0.10830071],
         [ 0.        ,  0.        ,  0.        , ...,  0.15833898,
          -0.25871618,  0.11386575],
         [ 0.        ,  0.        ,  0.        , ...,  0.        ,
           0.        ,  0.        ]],

        [[ 0.        ,  0.        ,  0.        , ...,  0.        ,
           0.        ,  0.        ],
         [ 0.        ,  0.        ,  0.        , ...,  0.        ,
           0.        ,  0.        ],
         [ 0.        ,  0.        ,  0.        , ...,  0.        ,
           0.        ,  0.        ],
         [ 0.        ,  0.        ,  0.        , ...,  0.        ,
           0.        ,  0.        ]],

        [[ 0.        ,  0.        ,  0.        , ...,  0.        ,
           0.        ,  0.        ],
         [ 0.        ,  0.        ,  0.        , ..., -0.20239773,
           0.13596385, -0.42874792],
         [ 0.        ,  0.        ,  0.        , ...,  0.        ,
           0.        ,  0.        ],
         [ 0.        ,  0.        ,  0.        , ..., -0.01116598,
           0.10886328, -0.71178046]]],


       [[[ 0.        ,  0.        ,  0.        , ...,  0.        ,
           0.        ,  0.        ],
         [ 0.        ,  0.        ,  0.        , ...,  0.        ,
           0.        ,  0.        ],
         [ 0.        ,  0.        ,  0.        , ...,  0.        ,
           0.        ,  0.        ],
         [ 0.        ,  0.        ,  0.        , ...,  0.        ,
           0.        ,  0.        ]],

        [[ 0.        ,  0.        ,  0.        , ...,  0.        ,
           0.        ,  0.        ],
         [ 0.        ,  0.        ,  0.        , ...,  0.        ,
           0.        ,  0.        ],
         [ 0.        ,  0.        ,  0.        , ...,  0.        ,
           0.        ,  0.        ],
         [ 0.        ,  0.        ,  0.        , ...,  0.        ,
           0.        ,  0.        ]],

        [[ 0.10839837,  0.20072416, -0.18779587, ...,  0.        ,
           0.        ,  0.        ],
         [ 0.        ,  0.        ,  0.        , ...,  0.        ,
           0.        ,  0.        ],
         [ 0.        ,  0.        ,  0.        , ...,  0.        ,
           0.        ,  0.        ],
         [ 0.29387085,  0.05377985, -0.58497455, ...,  0.        ,
           0.        ,  0.        ]],

        ...,

        [[ 0.        ,  0.        ,  0.        , ...,  0.        ,
           0.        ,  0.        ],
         [ 0.        ,  0.        ,  0.        , ...,  0.55052322,
           0.16080665,  0.12284307],
         [ 0.        ,  0.        ,  0.        , ...,  0.15984639,
          -0.26597348,  0.10991332],
         [ 0.        ,  0.        ,  0.        , ...,  0.        ,
           0.        ,  0.        ]],

        [[ 0.        ,  0.        ,  0.        , ...,  0.        ,
           0.        ,  0.        ],
         [ 0.        ,  0.        ,  0.        , ...,  0.        ,
           0.        ,  0.        ],
         [ 0.        ,  0.        ,  0.        , ...,  0.        ,
           0.        ,  0.        ],
         [ 0.        ,  0.        ,  0.        , ...,  0.        ,
           0.        ,  0.        ]],

        [[ 0.        ,  0.        ,  0.        , ...,  0.        ,
           0.        ,  0.        ],
         [ 0.        ,  0.        ,  0.        , ..., -0.2042736 ,
           0.13954506, -0.43585693],
         [ 0.        ,  0.        ,  0.        , ...,  0.        ,
           0.        ,  0.        ],
         [ 0.        ,  0.        ,  0.        , ...,  0.00092547,
           0.11019975, -0.6879491 ]]],


       [[[ 0.        ,  0.        ,  0.        , ...,  0.        ,
           0.        ,  0.        ],
         [ 0.        ,  0.        ,  0.        , ...,  0.        ,
           0.        ,  0.        ],
         [ 0.        ,  0.        ,  0.        , ...,  0.        ,
           0.        ,  0.        ],
         [ 0.        ,  0.        ,  0.        , ...,  0.        ,
           0.        ,  0.        ]],

        [[ 0.        ,  0.        ,  0.        , ...,  0.        ,
           0.        ,  0.        ],
         [ 0.        ,  0.        ,  0.        , ...,  0.        ,
           0.        ,  0.        ],
         [ 0.        ,  0.        ,  0.        , ...,  0.        ,
           0.        ,  0.        ],
         [ 0.        ,  0.        ,  0.        , ...,  0.        ,
           0.        ,  0.        ]],

        [[ 0.11458055,  0.20314153, -0.1790427 , ...,  0.        ,
           0.        ,  0.        ],
         [ 0.        ,  0.        ,  0.        , ...,  0.        ,
           0.        ,  0.        ],
         [ 0.        ,  0.        ,  0.        , ...,  0.        ,
           0.        ,  0.        ],
         [ 0.29382786,  0.05859356, -0.55787665, ...,  0.        ,
           0.        ,  0.        ]],

        ...,

        [[ 0.        ,  0.        ,  0.        , ...,  0.        ,
           0.        ,  0.        ],
         [ 0.        ,  0.        ,  0.        , ...,  0.52714396,
           0.14885998,  0.11092778],
         [ 0.        ,  0.        ,  0.        , ...,  0.15779213,
          -0.2553916 ,  0.11280937],
         [ 0.        ,  0.        ,  0.        , ...,  0.        ,
           0.        ,  0.        ]],

        [[ 0.        ,  0.        ,  0.        , ...,  0.        ,
           0.        ,  0.        ],
         [ 0.        ,  0.        ,  0.        , ...,  0.        ,
           0.        ,  0.        ],
         [ 0.        ,  0.        ,  0.        , ...,  0.        ,
           0.        ,  0.        ],
         [ 0.        ,  0.        ,  0.        , ...,  0.        ,
           0.        ,  0.        ]],

        [[ 0.        ,  0.        ,  0.        , ...,  0.        ,
           0.        ,  0.        ],
         [ 0.        ,  0.        ,  0.        , ..., -0.20401458,
           0.13582796, -0.42957458],
         [ 0.        ,  0.        ,  0.        , ...,  0.        ,
           0.        ,  0.        ],
         [ 0.        ,  0.        ,  0.        , ..., -0.01418771,
           0.1099975 , -0.70526899]]]])]
